{"level":"info","logsDirectory":"C:\\Users\\lenovo\\Desktop\\EmailSchedulerMicroService\\scheduler\\logs","message":"Logger initialized","service":"email-scheduler","timestamp":"2026-05-22 10:24:05 UTC"}
{"level":"info","message":"This is an info log test","service":"email-scheduler","timestamp":"2026-05-22 10:24:05 UTC"}
{"level":"warn","message":"This is a warning test","service":"email-scheduler","timestamp":"2026-05-22 10:24:05 UTC"}
{"error":"Test error message","level":"error","message":"This is an error test","service":"email-scheduler","timestamp":"2026-05-22 10:24:05 UTC"}
{"level":"info","message":"Server started successfully","timestamp":"2026-05-22T10:59:24.893Z"}
{"level":"info","message":"Starting services..."}
{"level":"info","message":"Email Worker started"}
{"level":"info","message":"Email Worker started with concurrency: 20"}
{"level":"info","message":"Scheduler started"}
{"level":"info","message":"Initializing BullMQ scheduler jobs"}
{"level":"info","message":"Redis connected successfully"}
{"level":"info","message":"Redis connected successfully"}
{"level":"info","message":"Redis connection ready"}
{"level":"info","message":"Redis connection ready"}
{"level":"info","message":"BullMQ scheduler jobs created successfully"}
{"level":"info","message":"Server is running on http://localhost:5000"}
{"jobId":"repeat:daily-email-job:1779447000000","jobName":"send-daily-email","level":"info","message":"Job completed successfully"}
{"actionId":33,"database":"DCCBusinessSuite_mowara_test","is_active":"Y","level":"info","message":"Fetched latest action details"}
{"actionId":33,"endDate":null,"level":"info","message":"Advanced schedule check","now":"2026-05-22T10:59:27Z","startDate":"2026-05-21T00:00:00Z","timezone":"UTC"}
{"actionId":33,"daysSinceStart":1,"everyDays":1,"level":"info","message":"Advanced schedule days check","modulo":0}
{"actionId":33,"level":"info","message":"Advanced schedule time window check","timeInMins":659,"windowEnd":1040,"windowStart":376}
{"actionId":33,"level":"info","message":"Advanced email checks passed, proceeding"}
{"actionId":26,"database":"DCCBusinessSuite_mowara_test","is_active":"Y","level":"info","message":"Fetched latest action details"}
{"actionId":26,"endDate":null,"level":"info","message":"Advanced schedule check","now":"2026-05-22T10:59:27Z","startDate":"2026-05-21T16:56:37Z","timezone":"UTC"}
{"actionId":26,"daysSinceStart":1,"everyDays":1,"level":"info","message":"Advanced schedule days check","modulo":0}
{"actionId":26,"level":"info","message":"Advanced schedule time window check","timeInMins":659,"windowEnd":1380,"windowStart":360}
{"actionId":26,"level":"info","message":"Advanced email checks passed, proceeding"}
{"actionId":35,"database":"DCCBusinessSuite_mowara_test","is_active":"N","level":"info","message":"Fetched latest action details"}
{"actionId":35,"database":"DCCBusinessSuite_mowara_test","level":"info","message":"Skipping inactive action"}
{"jobId":"repeat:0c54b0baa8b993ee2ab586689d019e64:1779447000000","jobName":"send-email","level":"info","message":"Job completed successfully"}
{"actionId":34,"database":"DCCBusinessSuite_mowara_test","is_active":"Y","level":"info","message":"Fetched latest action details"}
{"actionId":34,"endDate":null,"level":"info","message":"Advanced schedule check","now":"2026-05-22T10:59:27Z","startDate":"2026-05-21T00:00:00Z","timezone":"UTC"}
{"actionId":34,"daysSinceStart":1,"everyDays":1,"level":"info","message":"Advanced schedule days check","modulo":0}
{"actionId":34,"level":"info","message":"Advanced schedule time window check","timeInMins":659,"windowEnd":600,"windowStart":578}
{"actionId":34,"level":"info","message":"Skipping advanced email: outside time window"}
{"jobId":"repeat:e27f46b6aa3095e08cba88b10b94da9b:1779447000000","jobName":"send-email","level":"info","message":"Job completed successfully"}
{"actionId":36,"database":"DCCBusinessSuite_mowara_test","is_active":"Y","level":"info","message":"Fetched latest action details"}
{"actionId":36,"endDate":null,"level":"info","message":"Advanced schedule check","now":"2026-05-22T10:59:27Z","startDate":"2026-05-21T00:00:00Z","timezone":"UTC"}
{"actionId":36,"daysSinceStart":1,"everyDays":1,"level":"info","message":"Advanced schedule days check","modulo":0}
{"actionId":36,"level":"info","message":"Advanced schedule time window check","timeInMins":659,"windowEnd":1020,"windowStart":1017}
{"actionId":36,"level":"info","message":"Skipping advanced email: outside time window"}
{"jobId":"repeat:532bc5c12b06e59c03fc8f7921ca6875:1779447060000","jobName":"send-email","level":"info","message":"Job completed successfully"}
{"actionId":37,"database":"DCCBusinessSuite_mowara_test","is_active":"N","level":"info","message":"Fetched latest action details"}
{"actionId":37,"database":"DCCBusinessSuite_mowara_test","level":"info","message":"Skipping inactive action"}
{"jobId":"repeat:20ddafd131ebfae435a54278d6b202f5:1779447000000","jobName":"send-email","level":"info","message":"Job completed successfully"}
{"actionId":30,"database":"DCCBusinessSuite_mowara_test","is_active":"Y","level":"info","message":"Fetched latest action details"}
{"actionId":30,"endDate":null,"level":"info","message":"Advanced schedule check","now":"2026-05-22T10:59:28Z","startDate":"2026-05-21T00:00:00Z","timezone":"UTC"}
{"actionId":30,"daysSinceStart":1,"everyDays":10,"level":"info","message":"Advanced schedule days check","modulo":1}
{"actionId":30,"level":"info","message":"Skipping advanced email: not on interval day"}
{"jobId":"repeat:3ba904e4fe41c923abf65f661b31bbaa:1779447000000","jobName":"send-email","level":"info","message":"Job completed successfully"}
{"actionId":33,"database":"DCCBusinessSuite_mowara_test","level":"info","message":"Email sent successfully"}
{"jobId":"repeat:4b1d8357ef1d08840c84603ef45debf6:1779447000000","jobName":"send-email","level":"info","message":"Job completed successfully"}
{"actionId":26,"database":"DCCBusinessSuite_mowara_test","level":"info","message":"Email sent successfully"}
{"jobId":"repeat:36f8d48245fc57fe352bf43d021c6169:1779447000000","jobName":"send-email","level":"info","message":"Job completed successfully"}
